<?xml version="1.0" encoding="UTF-8"?>
<result plugin="junit@1.21">
  <suites>
    <suite>
      <name>TestSuite1</name>
      <file>TestSuite1</file>
      <cases>
        <case>
          <duration>0.589</duration>
          <ClassName>TestSuite1</ClassName>
          <testName>Test1</testName>
          <skipped>false</skipped>
          <failedSince>0</failedSince>
        </case>
        <case>
          <duration>0.281</duration>
          <ClassName>TestSuite1</ClassName>
          <testName>Test2</testName>
          <skipped>false</skipped>
          <failedSince>0</failedSince>
        </case>
        <case>
          <duration>0.257</duration>
          <ClassName>TestSuite1</ClassName>
          <testName>Test3</testName>
          <skipped>false</skipped>
          <failedSince>0</failedSince>
        </case>
      </cases>
      <duration>1.127</duration>
    </suite>
    <suite>
      <name>TestSuite2</name>
      <file>TestSuite2</file>
      <cases>
        <case>
          <duration>0.179</duration>
          <ClassName>TestSuite2</ClassName>
          <testName>Test1</testName>
          <skipped>false</skipped>
          <failedSince>0</failedSince>
        </case>
      </cases>
      <duration>0.179</duration>
    </suite>
  </suites>
  <duration>1.309</duration>
  <keepLongStdio>true</keepLongStdio>
</result>
